The system is: Linux - 5.14.21-150500.55.97_13.0.78-cray_shasta_c - x86_64
Compiling the C compiler identification source file "CMakeCCompilerId.c" succeeded.
Compiler: /opt/cray/pe/craype/2.7.32/bin/cc 
Build flags: 
Id flags:  

The output was:
0


Compilation of the C compiler identification source "CMakeCCompilerId.c" produced "a.out"

The C compiler identification is GNU, found in "/global/homes/d/domstead/vmmul-omp-harness-instructional/build/CMakeFiles/3.20.4/CompilerIdC/a.out"

Compiling the CXX compiler identification source file "CMakeCXXCompilerId.cpp" succeeded.
Compiler: /opt/cray/pe/craype/2.7.32/bin/CC 
Build flags: 
Id flags:  

The output was:
0


Compilation of the CXX compiler identification source "CMakeCXXCompilerId.cpp" produced "a.out"

The CXX compiler identification is GNU, found in "/global/homes/d/domstead/vmmul-omp-harness-instructional/build/CMakeFiles/3.20.4/CompilerIdCXX/a.out"

Detecting C compiler ABI info compiled with the following output:
Change Dir: /global/homes/d/domstead/vmmul-omp-harness-instructional/build/CMakeFiles/CMakeTmp

Run Build Command(s):/usr/bin/gmake -f Makefile cmTC_45678/fast && /usr/bin/gmake  -f CMakeFiles/cmTC_45678.dir/build.make CMakeFiles/cmTC_45678.dir/build
gmake[1]: Entering directory '/global/u2/d/domstead/vmmul-omp-harness-instructional/build/CMakeFiles/CMakeTmp'
Building C object CMakeFiles/cmTC_45678.dir/CMakeCCompilerABI.c.o
/opt/cray/pe/craype/2.7.32/bin/cc   -v -o CMakeFiles/cmTC_45678.dir/CMakeCCompilerABI.c.o -c /usr/share/cmake/Modules/CMakeCCompilerABI.c
Using built-in specs.
COLLECT_GCC=gcc-13
OFFLOAD_TARGET_NAMES=nvptx-none
OFFLOAD_TARGET_DEFAULT=1
Target: x86_64-suse-linux
Configured with: ../configure CFLAGS=' -fmessage-length=0 -grecord-gcc-switches -O2 -funwind-tables -fasynchronous-unwind-tables -fstack-clash-protection -g' CXXFLAGS=' -fmessage-length=0 -grecord-gcc-switches -O2 -funwind-tables -fasynchronous-unwind-tables -fstack-clash-protection -g' XCFLAGS=' -fmessage-length=0 -grecord-gcc-switches -O2 -funwind-tables -fasynchronous-unwind-tables -fstack-clash-protection -g' TCFLAGS=' -fmessage-length=0 -grecord-gcc-switches -O2 -funwind-tables -fasynchronous-unwind-tables -fstack-clash-protection -g' GDCFLAGS=' -fmessage-length=0 -grecord-gcc-switches -O2 -funwind-tables -fasynchronous-unwind-tables -fstack-clash-protection -g' --prefix=/usr --infodir=/usr/share/info --mandir=/usr/share/man --libdir=/usr/lib64 --libexecdir=/usr/lib64 --enable-languages=c,c++,objc,fortran,obj-c++,ada,go,d,m2 --enable-offload-targets=nvptx-none, --enable-offload-defaulted --without-cuda-driver --enable-checking=release --disable-werror --with-gxx-include-dir=/usr/include/c++/13 --with-libstdcxx-zoneinfo=/usr/share/zoneinfo --enable-ssp --disable-libssp --disable-libvtv --enable-cet=auto --disable-libcc1 --disable-plugin --with-bugurl=https://bugs.opensuse.org/ --with-pkgversion='SUSE Linux' --with-slibdir=/lib64 --with-system-zlib --enable-libstdcxx-allocator=new --disable-libstdcxx-pch --enable-libphobos --enable-version-specific-runtime-libs --with-gcc-major-version-only --enable-linker-build-id --enable-linux-futex --enable-gnu-indirect-function --program-suffix=-13 --without-system-libunwind --enable-multilib --with-arch-32=x86-64 --with-tune=generic --enable-link-serialization --build=x86_64-suse-linux --host=x86_64-suse-linux
Thread model: posix
Supported LTO compression algorithms: zlib
gcc version 13.2.1 20240206 [revision 67ac78caf31f7cb3202177e6428a46d829b70f23] (SUSE Linux) 
COLLECT_GCC_OPTIONS='-march=znver3' '-D' '__CRAY_X86_MILAN' '-D' '__CRAYXT_COMPUTE_LINUX_TARGET' '-D' '__TARGET_LINUX__' '-v' '-o' 'CMakeFiles/cmTC_45678.dir/CMakeCCompilerABI.c.o' '-c' '-I' '/opt/cray/pe/mpich/8.1.30/ofi/gnu/12.3/include' '-I' '/opt/cray/pe/libsci/24.07.0/GNU/12.3/x86_64/include' '-I' '/opt/cray/pe/dsmml/0.3.0/dsmml//include' '-dumpdir' 'CMakeFiles/cmTC_45678.dir/'
 /usr/lib64/gcc/x86_64-suse-linux/13/cc1 -quiet -v -I /opt/cray/pe/mpich/8.1.30/ofi/gnu/12.3/include -I /opt/cray/pe/libsci/24.07.0/GNU/12.3/x86_64/include -I /opt/cray/pe/dsmml/0.3.0/dsmml//include -D __CRAY_X86_MILAN -D __CRAYXT_COMPUTE_LINUX_TARGET -D __TARGET_LINUX__ /usr/share/cmake/Modules/CMakeCCompilerABI.c -quiet -dumpdir CMakeFiles/cmTC_45678.dir/ -dumpbase CMakeCCompilerABI.c.c -dumpbase-ext .c -march=znver3 -version -o /tmp/cc0agPNi.s
GNU C17 (SUSE Linux) version 13.2.1 20240206 [revision 67ac78caf31f7cb3202177e6428a46d829b70f23] (x86_64-suse-linux)
	compiled by GNU C version 13.2.1 20240206 [revision 67ac78caf31f7cb3202177e6428a46d829b70f23], GMP version 6.1.2, MPFR version 4.0.2-p6, MPC version 1.1.0, isl version isl-0.18-GMP

GGC heuristics: --param ggc-min-expand=100 --param ggc-min-heapsize=131072
#include "..." search starts here:
#include <...> search starts here:
 /opt/cray/pe/mpich/8.1.30/ofi/gnu/12.3/include
 /opt/cray/pe/libsci/24.07.0/GNU/12.3/x86_64/include
 /opt/cray/pe/dsmml/0.3.0/dsmml//include
 /usr/lib64/gcc/x86_64-suse-linux/13/include
 /usr/local/include
 /usr/lib64/gcc/x86_64-suse-linux/13/include-fixed
 /usr/lib64/gcc/x86_64-suse-linux/13/../../../../x86_64-suse-linux/include
 /usr/include
End of search list.
Compiler executable checksum: 00000000000000000000000000000000
COLLECT_GCC_OPTIONS='-march=znver3' '-D' '__CRAY_X86_MILAN' '-D' '__CRAYXT_COMPUTE_LINUX_TARGET' '-D' '__TARGET_LINUX__' '-v' '-o' 'CMakeFiles/cmTC_45678.dir/CMakeCCompilerABI.c.o' '-c' '-I' '/opt/cray/pe/mpich/8.1.30/ofi/gnu/12.3/include' '-I' '/opt/cray/pe/libsci/24.07.0/GNU/12.3/x86_64/include' '-I' '/opt/cray/pe/dsmml/0.3.0/dsmml//include' '-dumpdir' 'CMakeFiles/cmTC_45678.dir/'
 /usr/lib64/gcc/x86_64-suse-linux/13/../../../../x86_64-suse-linux/bin/as -v -I /opt/cray/pe/mpich/8.1.30/ofi/gnu/12.3/include -I /opt/cray/pe/libsci/24.07.0/GNU/12.3/x86_64/include -I /opt/cray/pe/dsmml/0.3.0/dsmml//include --64 -o CMakeFiles/cmTC_45678.dir/CMakeCCompilerABI.c.o /tmp/cc0agPNi.s
GNU assembler version 2.43.1 (x86_64-suse-linux) using BFD version (GNU Binutils; SUSE Linux Enterprise 15) 2.43.1.20241209-150100.7.52
COMPILER_PATH=/usr/lib64/gcc/x86_64-suse-linux/13/:/usr/lib64/gcc/x86_64-suse-linux/13/:/usr/lib64/gcc/x86_64-suse-linux/:/usr/lib64/gcc/x86_64-suse-linux/13/:/usr/lib64/gcc/x86_64-suse-linux/:/usr/lib64/gcc/x86_64-suse-linux/13/../../../../x86_64-suse-linux/bin/
LIBRARY_PATH=/usr/lib64/gcc/x86_64-suse-linux/13/:/usr/lib64/gcc/x86_64-suse-linux/13/../../../../lib64/:/lib/../lib64/:/usr/lib/../lib64/:/usr/lib64/gcc/x86_64-suse-linux/13/../../../../x86_64-suse-linux/lib/:/usr/lib64/gcc/x86_64-suse-linux/13/../../../:/lib/:/usr/lib/
COLLECT_GCC_OPTIONS='-march=znver3' '-D' '__CRAY_X86_MILAN' '-D' '__CRAYXT_COMPUTE_LINUX_TARGET' '-D' '__TARGET_LINUX__' '-v' '-o' 'CMakeFiles/cmTC_45678.dir/CMakeCCompilerABI.c.o' '-c' '-I' '/opt/cray/pe/mpich/8.1.30/ofi/gnu/12.3/include' '-I' '/opt/cray/pe/libsci/24.07.0/GNU/12.3/x86_64/include' '-I' '/opt/cray/pe/dsmml/0.3.0/dsmml//include' '-dumpdir' 'CMakeFiles/cmTC_45678.dir/CMakeCCompilerABI.c.'
Linking C executable cmTC_45678
/usr/bin/cmake -E cmake_link_script CMakeFiles/cmTC_45678.dir/link.txt --verbose=1
/opt/cray/pe/craype/2.7.32/bin/cc  -v CMakeFiles/cmTC_45678.dir/CMakeCCompilerABI.c.o -o cmTC_45678 
Using built-in specs.
COLLECT_GCC=gcc-13
COLLECT_LTO_WRAPPER=/usr/lib64/gcc/x86_64-suse-linux/13/lto-wrapper
OFFLOAD_TARGET_NAMES=nvptx-none
OFFLOAD_TARGET_DEFAULT=1
Target: x86_64-suse-linux
Configured with: ../configure CFLAGS=' -fmessage-length=0 -grecord-gcc-switches -O2 -funwind-tables -fasynchronous-unwind-tables -fstack-clash-protection -g' CXXFLAGS=' -fmessage-length=0 -grecord-gcc-switches -O2 -funwind-tables -fasynchronous-unwind-tables -fstack-clash-protection -g' XCFLAGS=' -fmessage-length=0 -grecord-gcc-switches -O2 -funwind-tables -fasynchronous-unwind-tables -fstack-clash-protection -g' TCFLAGS=' -fmessage-length=0 -grecord-gcc-switches -O2 -funwind-tables -fasynchronous-unwind-tables -fstack-clash-protection -g' GDCFLAGS=' -fmessage-length=0 -grecord-gcc-switches -O2 -funwind-tables -fasynchronous-unwind-tables -fstack-clash-protection -g' --prefix=/usr --infodir=/usr/share/info --mandir=/usr/share/man --libdir=/usr/lib64 --libexecdir=/usr/lib64 --enable-languages=c,c++,objc,fortran,obj-c++,ada,go,d,m2 --enable-offload-targets=nvptx-none, --enable-offload-defaulted --without-cuda-driver --enable-checking=release --disable-werror --with-gxx-include-dir=/usr/include/c++/13 --with-libstdcxx-zoneinfo=/usr/share/zoneinfo --enable-ssp --disable-libssp --disable-libvtv --enable-cet=auto --disable-libcc1 --disable-plugin --with-bugurl=https://bugs.opensuse.org/ --with-pkgversion='SUSE Linux' --with-slibdir=/lib64 --with-system-zlib --enable-libstdcxx-allocator=new --disable-libstdcxx-pch --enable-libphobos --enable-version-specific-runtime-libs --with-gcc-major-version-only --enable-linker-build-id --enable-linux-futex --enable-gnu-indirect-function --program-suffix=-13 --without-system-libunwind --enable-multilib --with-arch-32=x86-64 --with-tune=generic --enable-link-serialization --build=x86_64-suse-linux --host=x86_64-suse-linux
Thread model: posix
Supported LTO compression algorithms: zlib
gcc version 13.2.1 20240206 [revision 67ac78caf31f7cb3202177e6428a46d829b70f23] (SUSE Linux) 
COMPILER_PATH=/usr/lib64/gcc/x86_64-suse-linux/13/:/usr/lib64/gcc/x86_64-suse-linux/13/:/usr/lib64/gcc/x86_64-suse-linux/:/usr/lib64/gcc/x86_64-suse-linux/13/:/usr/lib64/gcc/x86_64-suse-linux/:/usr/lib64/gcc/x86_64-suse-linux/13/../../../../x86_64-suse-linux/bin/
LIBRARY_PATH=/usr/lib64/gcc/x86_64-suse-linux/13/:/usr/lib64/gcc/x86_64-suse-linux/13/../../../../lib64/:/lib/../lib64/:/usr/lib/../lib64/:/usr/lib64/gcc/x86_64-suse-linux/13/../../../../x86_64-suse-linux/lib/:/usr/lib64/gcc/x86_64-suse-linux/13/../../../:/lib/:/usr/lib/
COLLECT_GCC_OPTIONS='-march=znver3' '-D' '__CRAY_X86_MILAN' '-D' '__CRAYXT_COMPUTE_LINUX_TARGET' '-D' '__TARGET_LINUX__' '-v' '-o' 'cmTC_45678' '-I' '/opt/cray/pe/mpich/8.1.30/ofi/gnu/12.3/include' '-I' '/opt/cray/pe/libsci/24.07.0/GNU/12.3/x86_64/include' '-I' '/opt/cray/pe/dsmml/0.3.0/dsmml//include' '-L/opt/cray/pe/mpich/8.1.30/ofi/gnu/12.3/lib' '-L/opt/cray/pe/libsci/24.07.0/GNU/12.3/x86_64/lib' '-L/global/common/software/nersc9/darshan/3.4.6-gcc-13.2.1/lib' '-L/opt/cray/pe/dsmml/0.3.0/dsmml//lib' '-dumpdir' 'cmTC_45678.'
 /usr/lib64/gcc/x86_64-suse-linux/13/collect2 -plugin /usr/lib64/gcc/x86_64-suse-linux/13/liblto_plugin.so -plugin-opt=/usr/lib64/gcc/x86_64-suse-linux/13/lto-wrapper -plugin-opt=-fresolution=/tmp/ccJXfIBY.res -plugin-opt=-pass-through=-lgcc -plugin-opt=-pass-through=-lgcc_s -plugin-opt=-pass-through=-lc -plugin-opt=-pass-through=-lgcc -plugin-opt=-pass-through=-lgcc_s --build-id --eh-frame-hdr -m elf_x86_64 -dynamic-linker /lib64/ld-linux-x86-64.so.2 -o cmTC_45678 /usr/lib64/gcc/x86_64-suse-linux/13/../../../../lib64/crt1.o /usr/lib64/gcc/x86_64-suse-linux/13/../../../../lib64/crti.o /usr/lib64/gcc/x86_64-suse-linux/13/crtbegin.o -L/opt/cray/pe/mpich/8.1.30/ofi/gnu/12.3/lib -L/opt/cray/pe/libsci/24.07.0/GNU/12.3/x86_64/lib -L/global/common/software/nersc9/darshan/3.4.6-gcc-13.2.1/lib -L/opt/cray/pe/dsmml/0.3.0/dsmml//lib -L/usr/lib64/gcc/x86_64-suse-linux/13 -L/usr/lib64/gcc/x86_64-suse-linux/13/../../../../lib64 -L/lib/../lib64 -L/usr/lib/../lib64 -L/usr/lib64/gcc/x86_64-suse-linux/13/../../../../x86_64-suse-linux/lib -L/usr/lib64/gcc/x86_64-suse-linux/13/../../.. CMakeFiles/cmTC_45678.dir/CMakeCCompilerABI.c.o -Bdynamic -rpath=/global/common/software/nersc9/darshan/3.4.6-gcc-13.2.1/lib -no-as-needed -ldarshan -llustreapi -lz --as-needed -lsci_gnu_mpi --no-as-needed --as-needed -lmpi_gnu_123 --no-as-needed --as-needed -lsci_gnu --no-as-needed -ldl --as-needed -ldsmml --no-as-needed -lxpmem --as-needed -lgfortran -lquadmath --no-as-needed --as-needed -lmvec --no-as-needed --as-needed -lm --no-as-needed --as-needed -lpthread --no-as-needed --disable-new-dtags -lgcc --push-state --as-needed -lgcc_s --pop-state -lc -lgcc --push-state --as-needed -lgcc_s --pop-state /usr/lib64/gcc/x86_64-suse-linux/13/crtend.o /usr/lib64/gcc/x86_64-suse-linux/13/../../../../lib64/crtn.o
COLLECT_GCC_OPTIONS='-march=znver3' '-D' '__CRAY_X86_MILAN' '-D' '__CRAYXT_COMPUTE_LINUX_TARGET' '-D' '__TARGET_LINUX__' '-v' '-o' 'cmTC_45678' '-I' '/opt/cray/pe/mpich/8.1.30/ofi/gnu/12.3/include' '-I' '/opt/cray/pe/libsci/24.07.0/GNU/12.3/x86_64/include' '-I' '/opt/cray/pe/dsmml/0.3.0/dsmml//include' '-L/opt/cray/pe/mpich/8.1.30/ofi/gnu/12.3/lib' '-L/opt/cray/pe/libsci/24.07.0/GNU/12.3/x86_64/lib' '-L/global/common/software/nersc9/darshan/3.4.6-gcc-13.2.1/lib' '-L/opt/cray/pe/dsmml/0.3.0/dsmml//lib' '-dumpdir' 'cmTC_45678.'
gmake[1]: Leaving directory '/global/u2/d/domstead/vmmul-omp-harness-instructional/build/CMakeFiles/CMakeTmp'



Parsed C implicit include dir info from above output: rv=done
  found start of include info
  found start of implicit include info
    add: [/opt/cray/pe/mpich/8.1.30/ofi/gnu/12.3/include]
    add: [/opt/cray/pe/libsci/24.07.0/GNU/12.3/x86_64/include]
    add: [/opt/cray/pe/dsmml/0.3.0/dsmml//include]
    add: [/usr/lib64/gcc/x86_64-suse-linux/13/include]
    add: [/usr/local/include]
    add: [/usr/lib64/gcc/x86_64-suse-linux/13/include-fixed]
    add: [/usr/lib64/gcc/x86_64-suse-linux/13/../../../../x86_64-suse-linux/include]
    add: [/usr/include]
  end of search list found
  collapse include dir [/opt/cray/pe/mpich/8.1.30/ofi/gnu/12.3/include] ==> [/opt/cray/pe/mpich/8.1.30/ofi/gnu/12.3/include]
  collapse include dir [/opt/cray/pe/libsci/24.07.0/GNU/12.3/x86_64/include] ==> [/opt/cray/pe/libsci/24.07.0/GNU/12.3/x86_64/include]
  collapse include dir [/opt/cray/pe/dsmml/0.3.0/dsmml//include] ==> [/opt/cray/pe/dsmml/0.3.0/dsmml/include]
  collapse include dir [/usr/lib64/gcc/x86_64-suse-linux/13/include] ==> [/usr/lib64/gcc/x86_64-suse-linux/13/include]
  collapse include dir [/usr/local/include] ==> [/usr/local/include]
  collapse include dir [/usr/lib64/gcc/x86_64-suse-linux/13/include-fixed] ==> [/usr/lib64/gcc/x86_64-suse-linux/13/include-fixed]
  collapse include dir [/usr/lib64/gcc/x86_64-suse-linux/13/../../../../x86_64-suse-linux/include] ==> [/usr/x86_64-suse-linux/include]
  collapse include dir [/usr/include] ==> [/usr/include]
  implicit include dirs: [/opt/cray/pe/mpich/8.1.30/ofi/gnu/12.3/include;/opt/cray/pe/libsci/24.07.0/GNU/12.3/x86_64/include;/opt/cray/pe/dsmml/0.3.0/dsmml/include;/usr/lib64/gcc/x86_64-suse-linux/13/include;/usr/local/include;/usr/lib64/gcc/x86_64-suse-linux/13/include-fixed;/usr/x86_64-suse-linux/include;/usr/include]


Parsed C implicit link information from above output:
  link line regex: [^( *|.*[/\])(ld|CMAKE_LINK_STARTFILE-NOTFOUND|([^/\]+-)?ld|collect2)[^/\]*( |$)]
  ignore line: [Change Dir: /global/homes/d/domstead/vmmul-omp-harness-instructional/build/CMakeFiles/CMakeTmp]
  ignore line: []
  ignore line: [Run Build Command(s):/usr/bin/gmake -f Makefile cmTC_45678/fast && /usr/bin/gmake  -f CMakeFiles/cmTC_45678.dir/build.make CMakeFiles/cmTC_45678.dir/build]
  ignore line: [gmake[1]: Entering directory '/global/u2/d/domstead/vmmul-omp-harness-instructional/build/CMakeFiles/CMakeTmp']
  ignore line: [Building C object CMakeFiles/cmTC_45678.dir/CMakeCCompilerABI.c.o]
  ignore line: [/opt/cray/pe/craype/2.7.32/bin/cc   -v -o CMakeFiles/cmTC_45678.dir/CMakeCCompilerABI.c.o -c /usr/share/cmake/Modules/CMakeCCompilerABI.c]
  ignore line: [Using built-in specs.]
  ignore line: [COLLECT_GCC=gcc-13]
  ignore line: [OFFLOAD_TARGET_NAMES=nvptx-none]
  ignore line: [OFFLOAD_TARGET_DEFAULT=1]
  ignore line: [Target: x86_64-suse-linux]
  ignore line: [Configured with: ../configure CFLAGS=' -fmessage-length=0 -grecord-gcc-switches -O2 -funwind-tables -fasynchronous-unwind-tables -fstack-clash-protection -g' CXXFLAGS=' -fmessage-length=0 -grecord-gcc-switches -O2 -funwind-tables -fasynchronous-unwind-tables -fstack-clash-protection -g' XCFLAGS=' -fmessage-length=0 -grecord-gcc-switches -O2 -funwind-tables -fasynchronous-unwind-tables -fstack-clash-protection -g' TCFLAGS=' -fmessage-length=0 -grecord-gcc-switches -O2 -funwind-tables -fasynchronous-unwind-tables -fstack-clash-protection -g' GDCFLAGS=' -fmessage-length=0 -grecord-gcc-switches -O2 -funwind-tables -fasynchronous-unwind-tables -fstack-clash-protection -g' --prefix=/usr --infodir=/usr/share/info --mandir=/usr/share/man --libdir=/usr/lib64 --libexecdir=/usr/lib64 --enable-languages=c c++ objc fortran obj-c++ ada go d m2 --enable-offload-targets=nvptx-none  --enable-offload-defaulted --without-cuda-driver --enable-checking=release --disable-werror --with-gxx-include-dir=/usr/include/c++/13 --with-libstdcxx-zoneinfo=/usr/share/zoneinfo --enable-ssp --disable-libssp --disable-libvtv --enable-cet=auto --disable-libcc1 --disable-plugin --with-bugurl=https://bugs.opensuse.org/ --with-pkgversion='SUSE Linux' --with-slibdir=/lib64 --with-system-zlib --enable-libstdcxx-allocator=new --disable-libstdcxx-pch --enable-libphobos --enable-version-specific-runtime-libs --with-gcc-major-version-only --enable-linker-build-id --enable-linux-futex --enable-gnu-indirect-function --program-suffix=-13 --without-system-libunwind --enable-multilib --with-arch-32=x86-64 --with-tune=generic --enable-link-serialization --build=x86_64-suse-linux --host=x86_64-suse-linux]
  ignore line: [Thread model: posix]
  ignore line: [Supported LTO compression algorithms: zlib]
  ignore line: [gcc version 13.2.1 20240206 [revision 67ac78caf31f7cb3202177e6428a46d829b70f23] (SUSE Linux) ]
  ignore line: [COLLECT_GCC_OPTIONS='-march=znver3' '-D' '__CRAY_X86_MILAN' '-D' '__CRAYXT_COMPUTE_LINUX_TARGET' '-D' '__TARGET_LINUX__' '-v' '-o' 'CMakeFiles/cmTC_45678.dir/CMakeCCompilerABI.c.o' '-c' '-I' '/opt/cray/pe/mpich/8.1.30/ofi/gnu/12.3/include' '-I' '/opt/cray/pe/libsci/24.07.0/GNU/12.3/x86_64/include' '-I' '/opt/cray/pe/dsmml/0.3.0/dsmml//include' '-dumpdir' 'CMakeFiles/cmTC_45678.dir/']
  ignore line: [ /usr/lib64/gcc/x86_64-suse-linux/13/cc1 -quiet -v -I /opt/cray/pe/mpich/8.1.30/ofi/gnu/12.3/include -I /opt/cray/pe/libsci/24.07.0/GNU/12.3/x86_64/include -I /opt/cray/pe/dsmml/0.3.0/dsmml//include -D __CRAY_X86_MILAN -D __CRAYXT_COMPUTE_LINUX_TARGET -D __TARGET_LINUX__ /usr/share/cmake/Modules/CMakeCCompilerABI.c -quiet -dumpdir CMakeFiles/cmTC_45678.dir/ -dumpbase CMakeCCompilerABI.c.c -dumpbase-ext .c -march=znver3 -version -o /tmp/cc0agPNi.s]
  ignore line: [GNU C17 (SUSE Linux) version 13.2.1 20240206 [revision 67ac78caf31f7cb3202177e6428a46d829b70f23] (x86_64-suse-linux)]
  ignore line: [	compiled by GNU C version 13.2.1 20240206 [revision 67ac78caf31f7cb3202177e6428a46d829b70f23]  GMP version 6.1.2  MPFR version 4.0.2-p6  MPC version 1.1.0  isl version isl-0.18-GMP]
  ignore line: []
  ignore line: [GGC heuristics: --param ggc-min-expand=100 --param ggc-min-heapsize=131072]
  ignore line: [#include "..." search starts here:]
  ignore line: [#include <...> search starts here:]
  ignore line: [ /opt/cray/pe/mpich/8.1.30/ofi/gnu/12.3/include]
  ignore line: [ /opt/cray/pe/libsci/24.07.0/GNU/12.3/x86_64/include]
  ignore line: [ /opt/cray/pe/dsmml/0.3.0/dsmml//include]
  ignore line: [ /usr/lib64/gcc/x86_64-suse-linux/13/include]
  ignore line: [ /usr/local/include]
  ignore line: [ /usr/lib64/gcc/x86_64-suse-linux/13/include-fixed]
  ignore line: [ /usr/lib64/gcc/x86_64-suse-linux/13/../../../../x86_64-suse-linux/include]
  ignore line: [ /usr/include]
  ignore line: [End of search list.]
  ignore line: [Compiler executable checksum: 00000000000000000000000000000000]
  ignore line: [COLLECT_GCC_OPTIONS='-march=znver3' '-D' '__CRAY_X86_MILAN' '-D' '__CRAYXT_COMPUTE_LINUX_TARGET' '-D' '__TARGET_LINUX__' '-v' '-o' 'CMakeFiles/cmTC_45678.dir/CMakeCCompilerABI.c.o' '-c' '-I' '/opt/cray/pe/mpich/8.1.30/ofi/gnu/12.3/include' '-I' '/opt/cray/pe/libsci/24.07.0/GNU/12.3/x86_64/include' '-I' '/opt/cray/pe/dsmml/0.3.0/dsmml//include' '-dumpdir' 'CMakeFiles/cmTC_45678.dir/']
  ignore line: [ /usr/lib64/gcc/x86_64-suse-linux/13/../../../../x86_64-suse-linux/bin/as -v -I /opt/cray/pe/mpich/8.1.30/ofi/gnu/12.3/include -I /opt/cray/pe/libsci/24.07.0/GNU/12.3/x86_64/include -I /opt/cray/pe/dsmml/0.3.0/dsmml//include --64 -o CMakeFiles/cmTC_45678.dir/CMakeCCompilerABI.c.o /tmp/cc0agPNi.s]
  ignore line: [GNU assembler version 2.43.1 (x86_64-suse-linux) using BFD version (GNU Binutils]
  ignore line: [ SUSE Linux Enterprise 15) 2.43.1.20241209-150100.7.52]
  ignore line: [COMPILER_PATH=/usr/lib64/gcc/x86_64-suse-linux/13/:/usr/lib64/gcc/x86_64-suse-linux/13/:/usr/lib64/gcc/x86_64-suse-linux/:/usr/lib64/gcc/x86_64-suse-linux/13/:/usr/lib64/gcc/x86_64-suse-linux/:/usr/lib64/gcc/x86_64-suse-linux/13/../../../../x86_64-suse-linux/bin/]
  ignore line: [LIBRARY_PATH=/usr/lib64/gcc/x86_64-suse-linux/13/:/usr/lib64/gcc/x86_64-suse-linux/13/../../../../lib64/:/lib/../lib64/:/usr/lib/../lib64/:/usr/lib64/gcc/x86_64-suse-linux/13/../../../../x86_64-suse-linux/lib/:/usr/lib64/gcc/x86_64-suse-linux/13/../../../:/lib/:/usr/lib/]
  ignore line: [COLLECT_GCC_OPTIONS='-march=znver3' '-D' '__CRAY_X86_MILAN' '-D' '__CRAYXT_COMPUTE_LINUX_TARGET' '-D' '__TARGET_LINUX__' '-v' '-o' 'CMakeFiles/cmTC_45678.dir/CMakeCCompilerABI.c.o' '-c' '-I' '/opt/cray/pe/mpich/8.1.30/ofi/gnu/12.3/include' '-I' '/opt/cray/pe/libsci/24.07.0/GNU/12.3/x86_64/include' '-I' '/opt/cray/pe/dsmml/0.3.0/dsmml//include' '-dumpdir' 'CMakeFiles/cmTC_45678.dir/CMakeCCompilerABI.c.']
  ignore line: [Linking C executable cmTC_45678]
  ignore line: [/usr/bin/cmake -E cmake_link_script CMakeFiles/cmTC_45678.dir/link.txt --verbose=1]
  ignore line: [/opt/cray/pe/craype/2.7.32/bin/cc  -v CMakeFiles/cmTC_45678.dir/CMakeCCompilerABI.c.o -o cmTC_45678 ]
  ignore line: [Using built-in specs.]
  ignore line: [COLLECT_GCC=gcc-13]
  ignore line: [COLLECT_LTO_WRAPPER=/usr/lib64/gcc/x86_64-suse-linux/13/lto-wrapper]
  ignore line: [OFFLOAD_TARGET_NAMES=nvptx-none]
  ignore line: [OFFLOAD_TARGET_DEFAULT=1]
  ignore line: [Target: x86_64-suse-linux]
  ignore line: [Configured with: ../configure CFLAGS=' -fmessage-length=0 -grecord-gcc-switches -O2 -funwind-tables -fasynchronous-unwind-tables -fstack-clash-protection -g' CXXFLAGS=' -fmessage-length=0 -grecord-gcc-switches -O2 -funwind-tables -fasynchronous-unwind-tables -fstack-clash-protection -g' XCFLAGS=' -fmessage-length=0 -grecord-gcc-switches -O2 -funwind-tables -fasynchronous-unwind-tables -fstack-clash-protection -g' TCFLAGS=' -fmessage-length=0 -grecord-gcc-switches -O2 -funwind-tables -fasynchronous-unwind-tables -fstack-clash-protection -g' GDCFLAGS=' -fmessage-length=0 -grecord-gcc-switches -O2 -funwind-tables -fasynchronous-unwind-tables -fstack-clash-protection -g' --prefix=/usr --infodir=/usr/share/info --mandir=/usr/share/man --libdir=/usr/lib64 --libexecdir=/usr/lib64 --enable-languages=c c++ objc fortran obj-c++ ada go d m2 --enable-offload-targets=nvptx-none  --enable-offload-defaulted --without-cuda-driver --enable-checking=release --disable-werror --with-gxx-include-dir=/usr/include/c++/13 --with-libstdcxx-zoneinfo=/usr/share/zoneinfo --enable-ssp --disable-libssp --disable-libvtv --enable-cet=auto --disable-libcc1 --disable-plugin --with-bugurl=https://bugs.opensuse.org/ --with-pkgversion='SUSE Linux' --with-slibdir=/lib64 --with-system-zlib --enable-libstdcxx-allocator=new --disable-libstdcxx-pch --enable-libphobos --enable-version-specific-runtime-libs --with-gcc-major-version-only --enable-linker-build-id --enable-linux-futex --enable-gnu-indirect-function --program-suffix=-13 --without-system-libunwind --enable-multilib --with-arch-32=x86-64 --with-tune=generic --enable-link-serialization --build=x86_64-suse-linux --host=x86_64-suse-linux]
  ignore line: [Thread model: posix]
  ignore line: [Supported LTO compression algorithms: zlib]
  ignore line: [gcc version 13.2.1 20240206 [revision 67ac78caf31f7cb3202177e6428a46d829b70f23] (SUSE Linux) ]
  ignore line: [COMPILER_PATH=/usr/lib64/gcc/x86_64-suse-linux/13/:/usr/lib64/gcc/x86_64-suse-linux/13/:/usr/lib64/gcc/x86_64-suse-linux/:/usr/lib64/gcc/x86_64-suse-linux/13/:/usr/lib64/gcc/x86_64-suse-linux/:/usr/lib64/gcc/x86_64-suse-linux/13/../../../../x86_64-suse-linux/bin/]
  ignore line: [LIBRARY_PATH=/usr/lib64/gcc/x86_64-suse-linux/13/:/usr/lib64/gcc/x86_64-suse-linux/13/../../../../lib64/:/lib/../lib64/:/usr/lib/../lib64/:/usr/lib64/gcc/x86_64-suse-linux/13/../../../../x86_64-suse-linux/lib/:/usr/lib64/gcc/x86_64-suse-linux/13/../../../:/lib/:/usr/lib/]
  ignore line: [COLLECT_GCC_OPTIONS='-march=znver3' '-D' '__CRAY_X86_MILAN' '-D' '__CRAYXT_COMPUTE_LINUX_TARGET' '-D' '__TARGET_LINUX__' '-v' '-o' 'cmTC_45678' '-I' '/opt/cray/pe/mpich/8.1.30/ofi/gnu/12.3/include' '-I' '/opt/cray/pe/libsci/24.07.0/GNU/12.3/x86_64/include' '-I' '/opt/cray/pe/dsmml/0.3.0/dsmml//include' '-L/opt/cray/pe/mpich/8.1.30/ofi/gnu/12.3/lib' '-L/opt/cray/pe/libsci/24.07.0/GNU/12.3/x86_64/lib' '-L/global/common/software/nersc9/darshan/3.4.6-gcc-13.2.1/lib' '-L/opt/cray/pe/dsmml/0.3.0/dsmml//lib' '-dumpdir' 'cmTC_45678.']
  link line: [ /usr/lib64/gcc/x86_64-suse-linux/13/collect2 -plugin /usr/lib64/gcc/x86_64-suse-linux/13/liblto_plugin.so -plugin-opt=/usr/lib64/gcc/x86_64-suse-linux/13/lto-wrapper -plugin-opt=-fresolution=/tmp/ccJXfIBY.res -plugin-opt=-pass-through=-lgcc -plugin-opt=-pass-through=-lgcc_s -plugin-opt=-pass-through=-lc -plugin-opt=-pass-through=-lgcc -plugin-opt=-pass-through=-lgcc_s --build-id --eh-frame-hdr -m elf_x86_64 -dynamic-linker /lib64/ld-linux-x86-64.so.2 -o cmTC_45678 /usr/lib64/gcc/x86_64-suse-linux/13/../../../../lib64/crt1.o /usr/lib64/gcc/x86_64-suse-linux/13/../../../../lib64/crti.o /usr/lib64/gcc/x86_64-suse-linux/13/crtbegin.o -L/opt/cray/pe/mpich/8.1.30/ofi/gnu/12.3/lib -L/opt/cray/pe/libsci/24.07.0/GNU/12.3/x86_64/lib -L/global/common/software/nersc9/darshan/3.4.6-gcc-13.2.1/lib -L/opt/cray/pe/dsmml/0.3.0/dsmml//lib -L/usr/lib64/gcc/x86_64-suse-linux/13 -L/usr/lib64/gcc/x86_64-suse-linux/13/../../../../lib64 -L/lib/../lib64 -L/usr/lib/../lib64 -L/usr/lib64/gcc/x86_64-suse-linux/13/../../../../x86_64-suse-linux/lib -L/usr/lib64/gcc/x86_64-suse-linux/13/../../.. CMakeFiles/cmTC_45678.dir/CMakeCCompilerABI.c.o -Bdynamic -rpath=/global/common/software/nersc9/darshan/3.4.6-gcc-13.2.1/lib -no-as-needed -ldarshan -llustreapi -lz --as-needed -lsci_gnu_mpi --no-as-needed --as-needed -lmpi_gnu_123 --no-as-needed --as-needed -lsci_gnu --no-as-needed -ldl --as-needed -ldsmml --no-as-needed -lxpmem --as-needed -lgfortran -lquadmath --no-as-needed --as-needed -lmvec --no-as-needed --as-needed -lm --no-as-needed --as-needed -lpthread --no-as-needed --disable-new-dtags -lgcc --push-state --as-needed -lgcc_s --pop-state -lc -lgcc --push-state --as-needed -lgcc_s --pop-state /usr/lib64/gcc/x86_64-suse-linux/13/crtend.o /usr/lib64/gcc/x86_64-suse-linux/13/../../../../lib64/crtn.o]
    arg [/usr/lib64/gcc/x86_64-suse-linux/13/collect2] ==> ignore
    arg [-plugin] ==> ignore
    arg [/usr/lib64/gcc/x86_64-suse-linux/13/liblto_plugin.so] ==> ignore
    arg [-plugin-opt=/usr/lib64/gcc/x86_64-suse-linux/13/lto-wrapper] ==> ignore
    arg [-plugin-opt=-fresolution=/tmp/ccJXfIBY.res] ==> ignore
    arg [-plugin-opt=-pass-through=-lgcc] ==> ignore
    arg [-plugin-opt=-pass-through=-lgcc_s] ==> ignore
    arg [-plugin-opt=-pass-through=-lc] ==> ignore
    arg [-plugin-opt=-pass-through=-lgcc] ==> ignore
    arg [-plugin-opt=-pass-through=-lgcc_s] ==> ignore
    arg [--build-id] ==> ignore
    arg [--eh-frame-hdr] ==> ignore
    arg [-m] ==> ignore
    arg [elf_x86_64] ==> ignore
    arg [-dynamic-linker] ==> ignore
    arg [/lib64/ld-linux-x86-64.so.2] ==> ignore
    arg [-o] ==> ignore
    arg [cmTC_45678] ==> ignore
    arg [/usr/lib64/gcc/x86_64-suse-linux/13/../../../../lib64/crt1.o] ==> obj [/usr/lib64/gcc/x86_64-suse-linux/13/../../../../lib64/crt1.o]
    arg [/usr/lib64/gcc/x86_64-suse-linux/13/../../../../lib64/crti.o] ==> obj [/usr/lib64/gcc/x86_64-suse-linux/13/../../../../lib64/crti.o]
    arg [/usr/lib64/gcc/x86_64-suse-linux/13/crtbegin.o] ==> obj [/usr/lib64/gcc/x86_64-suse-linux/13/crtbegin.o]
    arg [-L/opt/cray/pe/mpich/8.1.30/ofi/gnu/12.3/lib] ==> dir [/opt/cray/pe/mpich/8.1.30/ofi/gnu/12.3/lib]
    arg [-L/opt/cray/pe/libsci/24.07.0/GNU/12.3/x86_64/lib] ==> dir [/opt/cray/pe/libsci/24.07.0/GNU/12.3/x86_64/lib]
    arg [-L/global/common/software/nersc9/darshan/3.4.6-gcc-13.2.1/lib] ==> dir [/global/common/software/nersc9/darshan/3.4.6-gcc-13.2.1/lib]
    arg [-L/opt/cray/pe/dsmml/0.3.0/dsmml//lib] ==> dir [/opt/cray/pe/dsmml/0.3.0/dsmml//lib]
    arg [-L/usr/lib64/gcc/x86_64-suse-linux/13] ==> dir [/usr/lib64/gcc/x86_64-suse-linux/13]
    arg [-L/usr/lib64/gcc/x86_64-suse-linux/13/../../../../lib64] ==> dir [/usr/lib64/gcc/x86_64-suse-linux/13/../../../../lib64]
    arg [-L/lib/../lib64] ==> dir [/lib/../lib64]
    arg [-L/usr/lib/../lib64] ==> dir [/usr/lib/../lib64]
    arg [-L/usr/lib64/gcc/x86_64-suse-linux/13/../../../../x86_64-suse-linux/lib] ==> dir [/usr/lib64/gcc/x86_64-suse-linux/13/../../../../x86_64-suse-linux/lib]
    arg [-L/usr/lib64/gcc/x86_64-suse-linux/13/../../..] ==> dir [/usr/lib64/gcc/x86_64-suse-linux/13/../../..]
    arg [CMakeFiles/cmTC_45678.dir/CMakeCCompilerABI.c.o] ==> ignore
    arg [-Bdynamic] ==> ignore
    arg [-rpath=/global/common/software/nersc9/darshan/3.4.6-gcc-13.2.1/lib] ==> ignore
    arg [-no-as-needed] ==> ignore
    arg [-ldarshan] ==> lib [darshan]
    arg [-llustreapi] ==> lib [lustreapi]
    arg [-lz] ==> lib [z]
    arg [--as-needed] ==> ignore
    arg [-lsci_gnu_mpi] ==> lib [sci_gnu_mpi]
    arg [--no-as-needed] ==> ignore
    arg [--as-needed] ==> ignore
    arg [-lmpi_gnu_123] ==> lib [mpi_gnu_123]
    arg [--no-as-needed] ==> ignore
    arg [--as-needed] ==> ignore
    arg [-lsci_gnu] ==> lib [sci_gnu]
    arg [--no-as-needed] ==> ignore
    arg [-ldl] ==> lib [dl]
    arg [--as-needed] ==> ignore
    arg [-ldsmml] ==> lib [dsmml]
    arg [--no-as-needed] ==> ignore
    arg [-lxpmem] ==> lib [xpmem]
    arg [--as-needed] ==> ignore
    arg [-lgfortran] ==> lib [gfortran]
    arg [-lquadmath] ==> lib [quadmath]
    arg [--no-as-needed] ==> ignore
    arg [--as-needed] ==> ignore
    arg [-lmvec] ==> lib [mvec]
    arg [--no-as-needed] ==> ignore
    arg [--as-needed] ==> ignore
    arg [-lm] ==> lib [m]
    arg [--no-as-needed] ==> ignore
    arg [--as-needed] ==> ignore
    arg [-lpthread] ==> lib [pthread]
    arg [--no-as-needed] ==> ignore
    arg [--disable-new-dtags] ==> ignore
    arg [-lgcc] ==> lib [gcc]
    arg [--push-state] ==> ignore
    arg [--as-needed] ==> ignore
    arg [-lgcc_s] ==> lib [gcc_s]
    arg [--pop-state] ==> ignore
    arg [-lc] ==> lib [c]
    arg [-lgcc] ==> lib [gcc]
    arg [--push-state] ==> ignore
    arg [--as-needed] ==> ignore
    arg [-lgcc_s] ==> lib [gcc_s]
    arg [--pop-state] ==> ignore
    arg [/usr/lib64/gcc/x86_64-suse-linux/13/crtend.o] ==> obj [/usr/lib64/gcc/x86_64-suse-linux/13/crtend.o]
    arg [/usr/lib64/gcc/x86_64-suse-linux/13/../../../../lib64/crtn.o] ==> obj [/usr/lib64/gcc/x86_64-suse-linux/13/../../../../lib64/crtn.o]
  collapse obj [/usr/lib64/gcc/x86_64-suse-linux/13/../../../../lib64/crt1.o] ==> [/usr/lib64/crt1.o]
  collapse obj [/usr/lib64/gcc/x86_64-suse-linux/13/../../../../lib64/crti.o] ==> [/usr/lib64/crti.o]
  collapse obj [/usr/lib64/gcc/x86_64-suse-linux/13/../../../../lib64/crtn.o] ==> [/usr/lib64/crtn.o]
  collapse library dir [/opt/cray/pe/mpich/8.1.30/ofi/gnu/12.3/lib] ==> [/opt/cray/pe/mpich/8.1.30/ofi/gnu/12.3/lib]
  collapse library dir [/opt/cray/pe/libsci/24.07.0/GNU/12.3/x86_64/lib] ==> [/opt/cray/pe/libsci/24.07.0/GNU/12.3/x86_64/lib]
  collapse library dir [/global/common/software/nersc9/darshan/3.4.6-gcc-13.2.1/lib] ==> [/global/common/software/nersc9/darshan/3.4.6-gcc-13.2.1/lib]
  collapse library dir [/opt/cray/pe/dsmml/0.3.0/dsmml//lib] ==> [/opt/cray/pe/dsmml/0.3.0/dsmml/lib]
  collapse library dir [/usr/lib64/gcc/x86_64-suse-linux/13] ==> [/usr/lib64/gcc/x86_64-suse-linux/13]
  collapse library dir [/usr/lib64/gcc/x86_64-suse-linux/13/../../../../lib64] ==> [/usr/lib64]
  collapse library dir [/lib/../lib64] ==> [/lib64]
  collapse library dir [/usr/lib/../lib64] ==> [/usr/lib64]
  collapse library dir [/usr/lib64/gcc/x86_64-suse-linux/13/../../../../x86_64-suse-linux/lib] ==> [/usr/x86_64-suse-linux/lib]
  collapse library dir [/usr/lib64/gcc/x86_64-suse-linux/13/../../..] ==> [/usr/lib64]
  implicit libs: [darshan;lustreapi;z;sci_gnu_mpi;mpi_gnu_123;sci_gnu;dl;dsmml;xpmem;gfortran;quadmath;mvec;m;pthread;gcc;gcc_s;c;gcc;gcc_s]
  implicit objs: [/usr/lib64/crt1.o;/usr/lib64/crti.o;/usr/lib64/gcc/x86_64-suse-linux/13/crtbegin.o;/usr/lib64/gcc/x86_64-suse-linux/13/crtend.o;/usr/lib64/crtn.o]
  implicit dirs: [/opt/cray/pe/mpich/8.1.30/ofi/gnu/12.3/lib;/opt/cray/pe/libsci/24.07.0/GNU/12.3/x86_64/lib;/global/common/software/nersc9/darshan/3.4.6-gcc-13.2.1/lib;/opt/cray/pe/dsmml/0.3.0/dsmml/lib;/usr/lib64/gcc/x86_64-suse-linux/13;/usr/lib64;/lib64;/usr/x86_64-suse-linux/lib]
  implicit fwks: []


Detecting CXX compiler ABI info compiled with the following output:
Change Dir: /global/homes/d/domstead/vmmul-omp-harness-instructional/build/CMakeFiles/CMakeTmp

Run Build Command(s):/usr/bin/gmake -f Makefile cmTC_a4b6b/fast && /usr/bin/gmake  -f CMakeFiles/cmTC_a4b6b.dir/build.make CMakeFiles/cmTC_a4b6b.dir/build
gmake[1]: Entering directory '/global/u2/d/domstead/vmmul-omp-harness-instructional/build/CMakeFiles/CMakeTmp'
Building CXX object CMakeFiles/cmTC_a4b6b.dir/CMakeCXXCompilerABI.cpp.o
/opt/cray/pe/craype/2.7.32/bin/CC   -v -o CMakeFiles/cmTC_a4b6b.dir/CMakeCXXCompilerABI.cpp.o -c /usr/share/cmake/Modules/CMakeCXXCompilerABI.cpp
Using built-in specs.
COLLECT_GCC=g++-13
OFFLOAD_TARGET_NAMES=nvptx-none
OFFLOAD_TARGET_DEFAULT=1
Target: x86_64-suse-linux
Configured with: ../configure CFLAGS=' -fmessage-length=0 -grecord-gcc-switches -O2 -funwind-tables -fasynchronous-unwind-tables -fstack-clash-protection -g' CXXFLAGS=' -fmessage-length=0 -grecord-gcc-switches -O2 -funwind-tables -fasynchronous-unwind-tables -fstack-clash-protection -g' XCFLAGS=' -fmessage-length=0 -grecord-gcc-switches -O2 -funwind-tables -fasynchronous-unwind-tables -fstack-clash-protection -g' TCFLAGS=' -fmessage-length=0 -grecord-gcc-switches -O2 -funwind-tables -fasynchronous-unwind-tables -fstack-clash-protection -g' GDCFLAGS=' -fmessage-length=0 -grecord-gcc-switches -O2 -funwind-tables -fasynchronous-unwind-tables -fstack-clash-protection -g' --prefix=/usr --infodir=/usr/share/info --mandir=/usr/share/man --libdir=/usr/lib64 --libexecdir=/usr/lib64 --enable-languages=c,c++,objc,fortran,obj-c++,ada,go,d,m2 --enable-offload-targets=nvptx-none, --enable-offload-defaulted --without-cuda-driver --enable-checking=release --disable-werror --with-gxx-include-dir=/usr/include/c++/13 --with-libstdcxx-zoneinfo=/usr/share/zoneinfo --enable-ssp --disable-libssp --disable-libvtv --enable-cet=auto --disable-libcc1 --disable-plugin --with-bugurl=https://bugs.opensuse.org/ --with-pkgversion='SUSE Linux' --with-slibdir=/lib64 --with-system-zlib --enable-libstdcxx-allocator=new --disable-libstdcxx-pch --enable-libphobos --enable-version-specific-runtime-libs --with-gcc-major-version-only --enable-linker-build-id --enable-linux-futex --enable-gnu-indirect-function --program-suffix=-13 --without-system-libunwind --enable-multilib --with-arch-32=x86-64 --with-tune=generic --enable-link-serialization --build=x86_64-suse-linux --host=x86_64-suse-linux
Thread model: posix
Supported LTO compression algorithms: zlib
gcc version 13.2.1 20240206 [revision 67ac78caf31f7cb3202177e6428a46d829b70f23] (SUSE Linux) 
COLLECT_GCC_OPTIONS='-march=znver3' '-D' '__CRAY_X86_MILAN' '-D' '__CRAYXT_COMPUTE_LINUX_TARGET' '-D' '__TARGET_LINUX__' '-v' '-o' 'CMakeFiles/cmTC_a4b6b.dir/CMakeCXXCompilerABI.cpp.o' '-c' '-I' '/opt/cray/pe/mpich/8.1.30/ofi/gnu/12.3/include' '-I' '/opt/cray/pe/libsci/24.07.0/GNU/12.3/x86_64/include' '-I' '/opt/cray/pe/dsmml/0.3.0/dsmml//include' '-shared-libgcc' '-dumpdir' 'CMakeFiles/cmTC_a4b6b.dir/'
 /usr/lib64/gcc/x86_64-suse-linux/13/cc1plus -quiet -v -I /opt/cray/pe/mpich/8.1.30/ofi/gnu/12.3/include -I /opt/cray/pe/libsci/24.07.0/GNU/12.3/x86_64/include -I /opt/cray/pe/dsmml/0.3.0/dsmml//include -D_GNU_SOURCE -D __CRAY_X86_MILAN -D __CRAYXT_COMPUTE_LINUX_TARGET -D __TARGET_LINUX__ /usr/share/cmake/Modules/CMakeCXXCompilerABI.cpp -quiet -dumpdir CMakeFiles/cmTC_a4b6b.dir/ -dumpbase CMakeCXXCompilerABI.cpp.cpp -dumpbase-ext .cpp -march=znver3 -version -o /tmp/cc2iuiOI.s
GNU C++17 (SUSE Linux) version 13.2.1 20240206 [revision 67ac78caf31f7cb3202177e6428a46d829b70f23] (x86_64-suse-linux)
	compiled by GNU C version 13.2.1 20240206 [revision 67ac78caf31f7cb3202177e6428a46d829b70f23], GMP version 6.1.2, MPFR version 4.0.2-p6, MPC version 1.1.0, isl version isl-0.18-GMP

GGC heuristics: --param ggc-min-expand=100 --param ggc-min-heapsize=131072
#include "..." search starts here:
#include <...> search starts here:
 /opt/cray/pe/mpich/8.1.30/ofi/gnu/12.3/include
 /opt/cray/pe/libsci/24.07.0/GNU/12.3/x86_64/include
 /opt/cray/pe/dsmml/0.3.0/dsmml//include
 /usr/include/c++/13
 /usr/include/c++/13/x86_64-suse-linux
 /usr/include/c++/13/backward
 /usr/lib64/gcc/x86_64-suse-linux/13/include
 /usr/local/include
 /usr/lib64/gcc/x86_64-suse-linux/13/include-fixed
 /usr/lib64/gcc/x86_64-suse-linux/13/../../../../x86_64-suse-linux/include
 /usr/include
End of search list.
Compiler executable checksum: 00000000000000000000000000000000
COLLECT_GCC_OPTIONS='-march=znver3' '-D' '__CRAY_X86_MILAN' '-D' '__CRAYXT_COMPUTE_LINUX_TARGET' '-D' '__TARGET_LINUX__' '-v' '-o' 'CMakeFiles/cmTC_a4b6b.dir/CMakeCXXCompilerABI.cpp.o' '-c' '-I' '/opt/cray/pe/mpich/8.1.30/ofi/gnu/12.3/include' '-I' '/opt/cray/pe/libsci/24.07.0/GNU/12.3/x86_64/include' '-I' '/opt/cray/pe/dsmml/0.3.0/dsmml//include' '-shared-libgcc' '-dumpdir' 'CMakeFiles/cmTC_a4b6b.dir/'
 /usr/lib64/gcc/x86_64-suse-linux/13/../../../../x86_64-suse-linux/bin/as -v -I /opt/cray/pe/mpich/8.1.30/ofi/gnu/12.3/include -I /opt/cray/pe/libsci/24.07.0/GNU/12.3/x86_64/include -I /opt/cray/pe/dsmml/0.3.0/dsmml//include --64 -o CMakeFiles/cmTC_a4b6b.dir/CMakeCXXCompilerABI.cpp.o /tmp/cc2iuiOI.s
GNU assembler version 2.43.1 (x86_64-suse-linux) using BFD version (GNU Binutils; SUSE Linux Enterprise 15) 2.43.1.20241209-150100.7.52
COMPILER_PATH=/usr/lib64/gcc/x86_64-suse-linux/13/:/usr/lib64/gcc/x86_64-suse-linux/13/:/usr/lib64/gcc/x86_64-suse-linux/:/usr/lib64/gcc/x86_64-suse-linux/13/:/usr/lib64/gcc/x86_64-suse-linux/:/usr/lib64/gcc/x86_64-suse-linux/13/../../../../x86_64-suse-linux/bin/
LIBRARY_PATH=/usr/lib64/gcc/x86_64-suse-linux/13/:/usr/lib64/gcc/x86_64-suse-linux/13/../../../../lib64/:/lib/../lib64/:/usr/lib/../lib64/:/usr/lib64/gcc/x86_64-suse-linux/13/../../../../x86_64-suse-linux/lib/:/usr/lib64/gcc/x86_64-suse-linux/13/../../../:/lib/:/usr/lib/
COLLECT_GCC_OPTIONS='-march=znver3' '-D' '__CRAY_X86_MILAN' '-D' '__CRAYXT_COMPUTE_LINUX_TARGET' '-D' '__TARGET_LINUX__' '-v' '-o' 'CMakeFiles/cmTC_a4b6b.dir/CMakeCXXCompilerABI.cpp.o' '-c' '-I' '/opt/cray/pe/mpich/8.1.30/ofi/gnu/12.3/include' '-I' '/opt/cray/pe/libsci/24.07.0/GNU/12.3/x86_64/include' '-I' '/opt/cray/pe/dsmml/0.3.0/dsmml//include' '-shared-libgcc' '-dumpdir' 'CMakeFiles/cmTC_a4b6b.dir/CMakeCXXCompilerABI.cpp.'
Linking CXX executable cmTC_a4b6b
/usr/bin/cmake -E cmake_link_script CMakeFiles/cmTC_a4b6b.dir/link.txt --verbose=1
/opt/cray/pe/craype/2.7.32/bin/CC  -v CMakeFiles/cmTC_a4b6b.dir/CMakeCXXCompilerABI.cpp.o -o cmTC_a4b6b 
Using built-in specs.
COLLECT_GCC=g++-13
COLLECT_LTO_WRAPPER=/usr/lib64/gcc/x86_64-suse-linux/13/lto-wrapper
OFFLOAD_TARGET_NAMES=nvptx-none
OFFLOAD_TARGET_DEFAULT=1
Target: x86_64-suse-linux
Configured with: ../configure CFLAGS=' -fmessage-length=0 -grecord-gcc-switches -O2 -funwind-tables -fasynchronous-unwind-tables -fstack-clash-protection -g' CXXFLAGS=' -fmessage-length=0 -grecord-gcc-switches -O2 -funwind-tables -fasynchronous-unwind-tables -fstack-clash-protection -g' XCFLAGS=' -fmessage-length=0 -grecord-gcc-switches -O2 -funwind-tables -fasynchronous-unwind-tables -fstack-clash-protection -g' TCFLAGS=' -fmessage-length=0 -grecord-gcc-switches -O2 -funwind-tables -fasynchronous-unwind-tables -fstack-clash-protection -g' GDCFLAGS=' -fmessage-length=0 -grecord-gcc-switches -O2 -funwind-tables -fasynchronous-unwind-tables -fstack-clash-protection -g' --prefix=/usr --infodir=/usr/share/info --mandir=/usr/share/man --libdir=/usr/lib64 --libexecdir=/usr/lib64 --enable-languages=c,c++,objc,fortran,obj-c++,ada,go,d,m2 --enable-offload-targets=nvptx-none, --enable-offload-defaulted --without-cuda-driver --enable-checking=release --disable-werror --with-gxx-include-dir=/usr/include/c++/13 --with-libstdcxx-zoneinfo=/usr/share/zoneinfo --enable-ssp --disable-libssp --disable-libvtv --enable-cet=auto --disable-libcc1 --disable-plugin --with-bugurl=https://bugs.opensuse.org/ --with-pkgversion='SUSE Linux' --with-slibdir=/lib64 --with-system-zlib --enable-libstdcxx-allocator=new --disable-libstdcxx-pch --enable-libphobos --enable-version-specific-runtime-libs --with-gcc-major-version-only --enable-linker-build-id --enable-linux-futex --enable-gnu-indirect-function --program-suffix=-13 --without-system-libunwind --enable-multilib --with-arch-32=x86-64 --with-tune=generic --enable-link-serialization --build=x86_64-suse-linux --host=x86_64-suse-linux
Thread model: posix
Supported LTO compression algorithms: zlib
gcc version 13.2.1 20240206 [revision 67ac78caf31f7cb3202177e6428a46d829b70f23] (SUSE Linux) 
COMPILER_PATH=/usr/lib64/gcc/x86_64-suse-linux/13/:/usr/lib64/gcc/x86_64-suse-linux/13/:/usr/lib64/gcc/x86_64-suse-linux/:/usr/lib64/gcc/x86_64-suse-linux/13/:/usr/lib64/gcc/x86_64-suse-linux/:/usr/lib64/gcc/x86_64-suse-linux/13/../../../../x86_64-suse-linux/bin/
LIBRARY_PATH=/usr/lib64/gcc/x86_64-suse-linux/13/:/usr/lib64/gcc/x86_64-suse-linux/13/../../../../lib64/:/lib/../lib64/:/usr/lib/../lib64/:/usr/lib64/gcc/x86_64-suse-linux/13/../../../../x86_64-suse-linux/lib/:/usr/lib64/gcc/x86_64-suse-linux/13/../../../:/lib/:/usr/lib/
COLLECT_GCC_OPTIONS='-march=znver3' '-D' '__CRAY_X86_MILAN' '-D' '__CRAYXT_COMPUTE_LINUX_TARGET' '-D' '__TARGET_LINUX__' '-v' '-o' 'cmTC_a4b6b' '-I' '/opt/cray/pe/mpich/8.1.30/ofi/gnu/12.3/include' '-I' '/opt/cray/pe/libsci/24.07.0/GNU/12.3/x86_64/include' '-I' '/opt/cray/pe/dsmml/0.3.0/dsmml//include' '-L/opt/cray/pe/mpich/8.1.30/ofi/gnu/12.3/lib' '-L/opt/cray/pe/libsci/24.07.0/GNU/12.3/x86_64/lib' '-L/global/common/software/nersc9/darshan/3.4.6-gcc-13.2.1/lib' '-L/opt/cray/pe/dsmml/0.3.0/dsmml//lib' '-shared-libgcc' '-dumpdir' 'cmTC_a4b6b.'
 /usr/lib64/gcc/x86_64-suse-linux/13/collect2 -plugin /usr/lib64/gcc/x86_64-suse-linux/13/liblto_plugin.so -plugin-opt=/usr/lib64/gcc/x86_64-suse-linux/13/lto-wrapper -plugin-opt=-fresolution=/tmp/ccoYqNco.res -plugin-opt=-pass-through=-lgcc_s -plugin-opt=-pass-through=-lgcc -plugin-opt=-pass-through=-lc -plugin-opt=-pass-through=-lgcc_s -plugin-opt=-pass-through=-lgcc --build-id --eh-frame-hdr -m elf_x86_64 -dynamic-linker /lib64/ld-linux-x86-64.so.2 -o cmTC_a4b6b /usr/lib64/gcc/x86_64-suse-linux/13/../../../../lib64/crt1.o /usr/lib64/gcc/x86_64-suse-linux/13/../../../../lib64/crti.o /usr/lib64/gcc/x86_64-suse-linux/13/crtbegin.o -L/opt/cray/pe/mpich/8.1.30/ofi/gnu/12.3/lib -L/opt/cray/pe/libsci/24.07.0/GNU/12.3/x86_64/lib -L/global/common/software/nersc9/darshan/3.4.6-gcc-13.2.1/lib -L/opt/cray/pe/dsmml/0.3.0/dsmml//lib -L/usr/lib64/gcc/x86_64-suse-linux/13 -L/usr/lib64/gcc/x86_64-suse-linux/13/../../../../lib64 -L/lib/../lib64 -L/usr/lib/../lib64 -L/usr/lib64/gcc/x86_64-suse-linux/13/../../../../x86_64-suse-linux/lib -L/usr/lib64/gcc/x86_64-suse-linux/13/../../.. CMakeFiles/cmTC_a4b6b.dir/CMakeCXXCompilerABI.cpp.o -Bdynamic -rpath=/global/common/software/nersc9/darshan/3.4.6-gcc-13.2.1/lib -no-as-needed -ldarshan -llustreapi -lz --as-needed -lsci_gnu_mpi --no-as-needed --as-needed -lmpi_gnu_123 --no-as-needed --as-needed -lsci_gnu --no-as-needed -ldl --as-needed -ldsmml --no-as-needed -lxpmem --as-needed -lgfortran -lquadmath --no-as-needed --as-needed -lmvec --no-as-needed --as-needed -lm --no-as-needed --as-needed -lpthread --no-as-needed --disable-new-dtags -lstdc++ -lm -lgcc_s -lgcc -lc -lgcc_s -lgcc /usr/lib64/gcc/x86_64-suse-linux/13/crtend.o /usr/lib64/gcc/x86_64-suse-linux/13/../../../../lib64/crtn.o
COLLECT_GCC_OPTIONS='-march=znver3' '-D' '__CRAY_X86_MILAN' '-D' '__CRAYXT_COMPUTE_LINUX_TARGET' '-D' '__TARGET_LINUX__' '-v' '-o' 'cmTC_a4b6b' '-I' '/opt/cray/pe/mpich/8.1.30/ofi/gnu/12.3/include' '-I' '/opt/cray/pe/libsci/24.07.0/GNU/12.3/x86_64/include' '-I' '/opt/cray/pe/dsmml/0.3.0/dsmml//include' '-L/opt/cray/pe/mpich/8.1.30/ofi/gnu/12.3/lib' '-L/opt/cray/pe/libsci/24.07.0/GNU/12.3/x86_64/lib' '-L/global/common/software/nersc9/darshan/3.4.6-gcc-13.2.1/lib' '-L/opt/cray/pe/dsmml/0.3.0/dsmml//lib' '-shared-libgcc' '-dumpdir' 'cmTC_a4b6b.'
gmake[1]: Leaving directory '/global/u2/d/domstead/vmmul-omp-harness-instructional/build/CMakeFiles/CMakeTmp'



Parsed CXX implicit include dir info from above output: rv=done
  found start of include info
  found start of implicit include info
    add: [/opt/cray/pe/mpich/8.1.30/ofi/gnu/12.3/include]
    add: [/opt/cray/pe/libsci/24.07.0/GNU/12.3/x86_64/include]
    add: [/opt/cray/pe/dsmml/0.3.0/dsmml//include]
    add: [/usr/include/c++/13]
    add: [/usr/include/c++/13/x86_64-suse-linux]
    add: [/usr/include/c++/13/backward]
    add: [/usr/lib64/gcc/x86_64-suse-linux/13/include]
    add: [/usr/local/include]
    add: [/usr/lib64/gcc/x86_64-suse-linux/13/include-fixed]
    add: [/usr/lib64/gcc/x86_64-suse-linux/13/../../../../x86_64-suse-linux/include]
    add: [/usr/include]
  end of search list found
  collapse include dir [/opt/cray/pe/mpich/8.1.30/ofi/gnu/12.3/include] ==> [/opt/cray/pe/mpich/8.1.30/ofi/gnu/12.3/include]
  collapse include dir [/opt/cray/pe/libsci/24.07.0/GNU/12.3/x86_64/include] ==> [/opt/cray/pe/libsci/24.07.0/GNU/12.3/x86_64/include]
  collapse include dir [/opt/cray/pe/dsmml/0.3.0/dsmml//include] ==> [/opt/cray/pe/dsmml/0.3.0/dsmml/include]
  collapse include dir [/usr/include/c++/13] ==> [/usr/include/c++/13]
  collapse include dir [/usr/include/c++/13/x86_64-suse-linux] ==> [/usr/include/c++/13/x86_64-suse-linux]
  collapse include dir [/usr/include/c++/13/backward] ==> [/usr/include/c++/13/backward]
  collapse include dir [/usr/lib64/gcc/x86_64-suse-linux/13/include] ==> [/usr/lib64/gcc/x86_64-suse-linux/13/include]
  collapse include dir [/usr/local/include] ==> [/usr/local/include]
  collapse include dir [/usr/lib64/gcc/x86_64-suse-linux/13/include-fixed] ==> [/usr/lib64/gcc/x86_64-suse-linux/13/include-fixed]
  collapse include dir [/usr/lib64/gcc/x86_64-suse-linux/13/../../../../x86_64-suse-linux/include] ==> [/usr/x86_64-suse-linux/include]
  collapse include dir [/usr/include] ==> [/usr/include]
  implicit include dirs: [/opt/cray/pe/mpich/8.1.30/ofi/gnu/12.3/include;/opt/cray/pe/libsci/24.07.0/GNU/12.3/x86_64/include;/opt/cray/pe/dsmml/0.3.0/dsmml/include;/usr/include/c++/13;/usr/include/c++/13/x86_64-suse-linux;/usr/include/c++/13/backward;/usr/lib64/gcc/x86_64-suse-linux/13/include;/usr/local/include;/usr/lib64/gcc/x86_64-suse-linux/13/include-fixed;/usr/x86_64-suse-linux/include;/usr/include]


Parsed CXX implicit link information from above output:
  link line regex: [^( *|.*[/\])(ld|CMAKE_LINK_STARTFILE-NOTFOUND|([^/\]+-)?ld|collect2)[^/\]*( |$)]
  ignore line: [Change Dir: /global/homes/d/domstead/vmmul-omp-harness-instructional/build/CMakeFiles/CMakeTmp]
  ignore line: []
  ignore line: [Run Build Command(s):/usr/bin/gmake -f Makefile cmTC_a4b6b/fast && /usr/bin/gmake  -f CMakeFiles/cmTC_a4b6b.dir/build.make CMakeFiles/cmTC_a4b6b.dir/build]
  ignore line: [gmake[1]: Entering directory '/global/u2/d/domstead/vmmul-omp-harness-instructional/build/CMakeFiles/CMakeTmp']
  ignore line: [Building CXX object CMakeFiles/cmTC_a4b6b.dir/CMakeCXXCompilerABI.cpp.o]
  ignore line: [/opt/cray/pe/craype/2.7.32/bin/CC   -v -o CMakeFiles/cmTC_a4b6b.dir/CMakeCXXCompilerABI.cpp.o -c /usr/share/cmake/Modules/CMakeCXXCompilerABI.cpp]
  ignore line: [Using built-in specs.]
  ignore line: [COLLECT_GCC=g++-13]
  ignore line: [OFFLOAD_TARGET_NAMES=nvptx-none]
  ignore line: [OFFLOAD_TARGET_DEFAULT=1]
  ignore line: [Target: x86_64-suse-linux]
  ignore line: [Configured with: ../configure CFLAGS=' -fmessage-length=0 -grecord-gcc-switches -O2 -funwind-tables -fasynchronous-unwind-tables -fstack-clash-protection -g' CXXFLAGS=' -fmessage-length=0 -grecord-gcc-switches -O2 -funwind-tables -fasynchronous-unwind-tables -fstack-clash-protection -g' XCFLAGS=' -fmessage-length=0 -grecord-gcc-switches -O2 -funwind-tables -fasynchronous-unwind-tables -fstack-clash-protection -g' TCFLAGS=' -fmessage-length=0 -grecord-gcc-switches -O2 -funwind-tables -fasynchronous-unwind-tables -fstack-clash-protection -g' GDCFLAGS=' -fmessage-length=0 -grecord-gcc-switches -O2 -funwind-tables -fasynchronous-unwind-tables -fstack-clash-protection -g' --prefix=/usr --infodir=/usr/share/info --mandir=/usr/share/man --libdir=/usr/lib64 --libexecdir=/usr/lib64 --enable-languages=c c++ objc fortran obj-c++ ada go d m2 --enable-offload-targets=nvptx-none  --enable-offload-defaulted --without-cuda-driver --enable-checking=release --disable-werror --with-gxx-include-dir=/usr/include/c++/13 --with-libstdcxx-zoneinfo=/usr/share/zoneinfo --enable-ssp --disable-libssp --disable-libvtv --enable-cet=auto --disable-libcc1 --disable-plugin --with-bugurl=https://bugs.opensuse.org/ --with-pkgversion='SUSE Linux' --with-slibdir=/lib64 --with-system-zlib --enable-libstdcxx-allocator=new --disable-libstdcxx-pch --enable-libphobos --enable-version-specific-runtime-libs --with-gcc-major-version-only --enable-linker-build-id --enable-linux-futex --enable-gnu-indirect-function --program-suffix=-13 --without-system-libunwind --enable-multilib --with-arch-32=x86-64 --with-tune=generic --enable-link-serialization --build=x86_64-suse-linux --host=x86_64-suse-linux]
  ignore line: [Thread model: posix]
  ignore line: [Supported LTO compression algorithms: zlib]
  ignore line: [gcc version 13.2.1 20240206 [revision 67ac78caf31f7cb3202177e6428a46d829b70f23] (SUSE Linux) ]
  ignore line: [COLLECT_GCC_OPTIONS='-march=znver3' '-D' '__CRAY_X86_MILAN' '-D' '__CRAYXT_COMPUTE_LINUX_TARGET' '-D' '__TARGET_LINUX__' '-v' '-o' 'CMakeFiles/cmTC_a4b6b.dir/CMakeCXXCompilerABI.cpp.o' '-c' '-I' '/opt/cray/pe/mpich/8.1.30/ofi/gnu/12.3/include' '-I' '/opt/cray/pe/libsci/24.07.0/GNU/12.3/x86_64/include' '-I' '/opt/cray/pe/dsmml/0.3.0/dsmml//include' '-shared-libgcc' '-dumpdir' 'CMakeFiles/cmTC_a4b6b.dir/']
  ignore line: [ /usr/lib64/gcc/x86_64-suse-linux/13/cc1plus -quiet -v -I /opt/cray/pe/mpich/8.1.30/ofi/gnu/12.3/include -I /opt/cray/pe/libsci/24.07.0/GNU/12.3/x86_64/include -I /opt/cray/pe/dsmml/0.3.0/dsmml//include -D_GNU_SOURCE -D __CRAY_X86_MILAN -D __CRAYXT_COMPUTE_LINUX_TARGET -D __TARGET_LINUX__ /usr/share/cmake/Modules/CMakeCXXCompilerABI.cpp -quiet -dumpdir CMakeFiles/cmTC_a4b6b.dir/ -dumpbase CMakeCXXCompilerABI.cpp.cpp -dumpbase-ext .cpp -march=znver3 -version -o /tmp/cc2iuiOI.s]
  ignore line: [GNU C++17 (SUSE Linux) version 13.2.1 20240206 [revision 67ac78caf31f7cb3202177e6428a46d829b70f23] (x86_64-suse-linux)]
  ignore line: [	compiled by GNU C version 13.2.1 20240206 [revision 67ac78caf31f7cb3202177e6428a46d829b70f23]  GMP version 6.1.2  MPFR version 4.0.2-p6  MPC version 1.1.0  isl version isl-0.18-GMP]
  ignore line: []
  ignore line: [GGC heuristics: --param ggc-min-expand=100 --param ggc-min-heapsize=131072]
  ignore line: [#include "..." search starts here:]
  ignore line: [#include <...> search starts here:]
  ignore line: [ /opt/cray/pe/mpich/8.1.30/ofi/gnu/12.3/include]
  ignore line: [ /opt/cray/pe/libsci/24.07.0/GNU/12.3/x86_64/include]
  ignore line: [ /opt/cray/pe/dsmml/0.3.0/dsmml//include]
  ignore line: [ /usr/include/c++/13]
  ignore line: [ /usr/include/c++/13/x86_64-suse-linux]
  ignore line: [ /usr/include/c++/13/backward]
  ignore line: [ /usr/lib64/gcc/x86_64-suse-linux/13/include]
  ignore line: [ /usr/local/include]
  ignore line: [ /usr/lib64/gcc/x86_64-suse-linux/13/include-fixed]
  ignore line: [ /usr/lib64/gcc/x86_64-suse-linux/13/../../../../x86_64-suse-linux/include]
  ignore line: [ /usr/include]
  ignore line: [End of search list.]
  ignore line: [Compiler executable checksum: 00000000000000000000000000000000]
  ignore line: [COLLECT_GCC_OPTIONS='-march=znver3' '-D' '__CRAY_X86_MILAN' '-D' '__CRAYXT_COMPUTE_LINUX_TARGET' '-D' '__TARGET_LINUX__' '-v' '-o' 'CMakeFiles/cmTC_a4b6b.dir/CMakeCXXCompilerABI.cpp.o' '-c' '-I' '/opt/cray/pe/mpich/8.1.30/ofi/gnu/12.3/include' '-I' '/opt/cray/pe/libsci/24.07.0/GNU/12.3/x86_64/include' '-I' '/opt/cray/pe/dsmml/0.3.0/dsmml//include' '-shared-libgcc' '-dumpdir' 'CMakeFiles/cmTC_a4b6b.dir/']
  ignore line: [ /usr/lib64/gcc/x86_64-suse-linux/13/../../../../x86_64-suse-linux/bin/as -v -I /opt/cray/pe/mpich/8.1.30/ofi/gnu/12.3/include -I /opt/cray/pe/libsci/24.07.0/GNU/12.3/x86_64/include -I /opt/cray/pe/dsmml/0.3.0/dsmml//include --64 -o CMakeFiles/cmTC_a4b6b.dir/CMakeCXXCompilerABI.cpp.o /tmp/cc2iuiOI.s]
  ignore line: [GNU assembler version 2.43.1 (x86_64-suse-linux) using BFD version (GNU Binutils]
  ignore line: [ SUSE Linux Enterprise 15) 2.43.1.20241209-150100.7.52]
  ignore line: [COMPILER_PATH=/usr/lib64/gcc/x86_64-suse-linux/13/:/usr/lib64/gcc/x86_64-suse-linux/13/:/usr/lib64/gcc/x86_64-suse-linux/:/usr/lib64/gcc/x86_64-suse-linux/13/:/usr/lib64/gcc/x86_64-suse-linux/:/usr/lib64/gcc/x86_64-suse-linux/13/../../../../x86_64-suse-linux/bin/]
  ignore line: [LIBRARY_PATH=/usr/lib64/gcc/x86_64-suse-linux/13/:/usr/lib64/gcc/x86_64-suse-linux/13/../../../../lib64/:/lib/../lib64/:/usr/lib/../lib64/:/usr/lib64/gcc/x86_64-suse-linux/13/../../../../x86_64-suse-linux/lib/:/usr/lib64/gcc/x86_64-suse-linux/13/../../../:/lib/:/usr/lib/]
  ignore line: [COLLECT_GCC_OPTIONS='-march=znver3' '-D' '__CRAY_X86_MILAN' '-D' '__CRAYXT_COMPUTE_LINUX_TARGET' '-D' '__TARGET_LINUX__' '-v' '-o' 'CMakeFiles/cmTC_a4b6b.dir/CMakeCXXCompilerABI.cpp.o' '-c' '-I' '/opt/cray/pe/mpich/8.1.30/ofi/gnu/12.3/include' '-I' '/opt/cray/pe/libsci/24.07.0/GNU/12.3/x86_64/include' '-I' '/opt/cray/pe/dsmml/0.3.0/dsmml//include' '-shared-libgcc' '-dumpdir' 'CMakeFiles/cmTC_a4b6b.dir/CMakeCXXCompilerABI.cpp.']
  ignore line: [Linking CXX executable cmTC_a4b6b]
  ignore line: [/usr/bin/cmake -E cmake_link_script CMakeFiles/cmTC_a4b6b.dir/link.txt --verbose=1]
  ignore line: [/opt/cray/pe/craype/2.7.32/bin/CC  -v CMakeFiles/cmTC_a4b6b.dir/CMakeCXXCompilerABI.cpp.o -o cmTC_a4b6b ]
  ignore line: [Using built-in specs.]
  ignore line: [COLLECT_GCC=g++-13]
  ignore line: [COLLECT_LTO_WRAPPER=/usr/lib64/gcc/x86_64-suse-linux/13/lto-wrapper]
  ignore line: [OFFLOAD_TARGET_NAMES=nvptx-none]
  ignore line: [OFFLOAD_TARGET_DEFAULT=1]
  ignore line: [Target: x86_64-suse-linux]
  ignore line: [Configured with: ../configure CFLAGS=' -fmessage-length=0 -grecord-gcc-switches -O2 -funwind-tables -fasynchronous-unwind-tables -fstack-clash-protection -g' CXXFLAGS=' -fmessage-length=0 -grecord-gcc-switches -O2 -funwind-tables -fasynchronous-unwind-tables -fstack-clash-protection -g' XCFLAGS=' -fmessage-length=0 -grecord-gcc-switches -O2 -funwind-tables -fasynchronous-unwind-tables -fstack-clash-protection -g' TCFLAGS=' -fmessage-length=0 -grecord-gcc-switches -O2 -funwind-tables -fasynchronous-unwind-tables -fstack-clash-protection -g' GDCFLAGS=' -fmessage-length=0 -grecord-gcc-switches -O2 -funwind-tables -fasynchronous-unwind-tables -fstack-clash-protection -g' --prefix=/usr --infodir=/usr/share/info --mandir=/usr/share/man --libdir=/usr/lib64 --libexecdir=/usr/lib64 --enable-languages=c c++ objc fortran obj-c++ ada go d m2 --enable-offload-targets=nvptx-none  --enable-offload-defaulted --without-cuda-driver --enable-checking=release --disable-werror --with-gxx-include-dir=/usr/include/c++/13 --with-libstdcxx-zoneinfo=/usr/share/zoneinfo --enable-ssp --disable-libssp --disable-libvtv --enable-cet=auto --disable-libcc1 --disable-plugin --with-bugurl=https://bugs.opensuse.org/ --with-pkgversion='SUSE Linux' --with-slibdir=/lib64 --with-system-zlib --enable-libstdcxx-allocator=new --disable-libstdcxx-pch --enable-libphobos --enable-version-specific-runtime-libs --with-gcc-major-version-only --enable-linker-build-id --enable-linux-futex --enable-gnu-indirect-function --program-suffix=-13 --without-system-libunwind --enable-multilib --with-arch-32=x86-64 --with-tune=generic --enable-link-serialization --build=x86_64-suse-linux --host=x86_64-suse-linux]
  ignore line: [Thread model: posix]
  ignore line: [Supported LTO compression algorithms: zlib]
  ignore line: [gcc version 13.2.1 20240206 [revision 67ac78caf31f7cb3202177e6428a46d829b70f23] (SUSE Linux) ]
  ignore line: [COMPILER_PATH=/usr/lib64/gcc/x86_64-suse-linux/13/:/usr/lib64/gcc/x86_64-suse-linux/13/:/usr/lib64/gcc/x86_64-suse-linux/:/usr/lib64/gcc/x86_64-suse-linux/13/:/usr/lib64/gcc/x86_64-suse-linux/:/usr/lib64/gcc/x86_64-suse-linux/13/../../../../x86_64-suse-linux/bin/]
  ignore line: [LIBRARY_PATH=/usr/lib64/gcc/x86_64-suse-linux/13/:/usr/lib64/gcc/x86_64-suse-linux/13/../../../../lib64/:/lib/../lib64/:/usr/lib/../lib64/:/usr/lib64/gcc/x86_64-suse-linux/13/../../../../x86_64-suse-linux/lib/:/usr/lib64/gcc/x86_64-suse-linux/13/../../../:/lib/:/usr/lib/]
  ignore line: [COLLECT_GCC_OPTIONS='-march=znver3' '-D' '__CRAY_X86_MILAN' '-D' '__CRAYXT_COMPUTE_LINUX_TARGET' '-D' '__TARGET_LINUX__' '-v' '-o' 'cmTC_a4b6b' '-I' '/opt/cray/pe/mpich/8.1.30/ofi/gnu/12.3/include' '-I' '/opt/cray/pe/libsci/24.07.0/GNU/12.3/x86_64/include' '-I' '/opt/cray/pe/dsmml/0.3.0/dsmml//include' '-L/opt/cray/pe/mpich/8.1.30/ofi/gnu/12.3/lib' '-L/opt/cray/pe/libsci/24.07.0/GNU/12.3/x86_64/lib' '-L/global/common/software/nersc9/darshan/3.4.6-gcc-13.2.1/lib' '-L/opt/cray/pe/dsmml/0.3.0/dsmml//lib' '-shared-libgcc' '-dumpdir' 'cmTC_a4b6b.']
  link line: [ /usr/lib64/gcc/x86_64-suse-linux/13/collect2 -plugin /usr/lib64/gcc/x86_64-suse-linux/13/liblto_plugin.so -plugin-opt=/usr/lib64/gcc/x86_64-suse-linux/13/lto-wrapper -plugin-opt=-fresolution=/tmp/ccoYqNco.res -plugin-opt=-pass-through=-lgcc_s -plugin-opt=-pass-through=-lgcc -plugin-opt=-pass-through=-lc -plugin-opt=-pass-through=-lgcc_s -plugin-opt=-pass-through=-lgcc --build-id --eh-frame-hdr -m elf_x86_64 -dynamic-linker /lib64/ld-linux-x86-64.so.2 -o cmTC_a4b6b /usr/lib64/gcc/x86_64-suse-linux/13/../../../../lib64/crt1.o /usr/lib64/gcc/x86_64-suse-linux/13/../../../../lib64/crti.o /usr/lib64/gcc/x86_64-suse-linux/13/crtbegin.o -L/opt/cray/pe/mpich/8.1.30/ofi/gnu/12.3/lib -L/opt/cray/pe/libsci/24.07.0/GNU/12.3/x86_64/lib -L/global/common/software/nersc9/darshan/3.4.6-gcc-13.2.1/lib -L/opt/cray/pe/dsmml/0.3.0/dsmml//lib -L/usr/lib64/gcc/x86_64-suse-linux/13 -L/usr/lib64/gcc/x86_64-suse-linux/13/../../../../lib64 -L/lib/../lib64 -L/usr/lib/../lib64 -L/usr/lib64/gcc/x86_64-suse-linux/13/../../../../x86_64-suse-linux/lib -L/usr/lib64/gcc/x86_64-suse-linux/13/../../.. CMakeFiles/cmTC_a4b6b.dir/CMakeCXXCompilerABI.cpp.o -Bdynamic -rpath=/global/common/software/nersc9/darshan/3.4.6-gcc-13.2.1/lib -no-as-needed -ldarshan -llustreapi -lz --as-needed -lsci_gnu_mpi --no-as-needed --as-needed -lmpi_gnu_123 --no-as-needed --as-needed -lsci_gnu --no-as-needed -ldl --as-needed -ldsmml --no-as-needed -lxpmem --as-needed -lgfortran -lquadmath --no-as-needed --as-needed -lmvec --no-as-needed --as-needed -lm --no-as-needed --as-needed -lpthread --no-as-needed --disable-new-dtags -lstdc++ -lm -lgcc_s -lgcc -lc -lgcc_s -lgcc /usr/lib64/gcc/x86_64-suse-linux/13/crtend.o /usr/lib64/gcc/x86_64-suse-linux/13/../../../../lib64/crtn.o]
    arg [/usr/lib64/gcc/x86_64-suse-linux/13/collect2] ==> ignore
    arg [-plugin] ==> ignore
    arg [/usr/lib64/gcc/x86_64-suse-linux/13/liblto_plugin.so] ==> ignore
    arg [-plugin-opt=/usr/lib64/gcc/x86_64-suse-linux/13/lto-wrapper] ==> ignore
    arg [-plugin-opt=-fresolution=/tmp/ccoYqNco.res] ==> ignore
    arg [-plugin-opt=-pass-through=-lgcc_s] ==> ignore
    arg [-plugin-opt=-pass-through=-lgcc] ==> ignore
    arg [-plugin-opt=-pass-through=-lc] ==> ignore
    arg [-plugin-opt=-pass-through=-lgcc_s] ==> ignore
    arg [-plugin-opt=-pass-through=-lgcc] ==> ignore
    arg [--build-id] ==> ignore
    arg [--eh-frame-hdr] ==> ignore
    arg [-m] ==> ignore
    arg [elf_x86_64] ==> ignore
    arg [-dynamic-linker] ==> ignore
    arg [/lib64/ld-linux-x86-64.so.2] ==> ignore
    arg [-o] ==> ignore
    arg [cmTC_a4b6b] ==> ignore
    arg [/usr/lib64/gcc/x86_64-suse-linux/13/../../../../lib64/crt1.o] ==> obj [/usr/lib64/gcc/x86_64-suse-linux/13/../../../../lib64/crt1.o]
    arg [/usr/lib64/gcc/x86_64-suse-linux/13/../../../../lib64/crti.o] ==> obj [/usr/lib64/gcc/x86_64-suse-linux/13/../../../../lib64/crti.o]
    arg [/usr/lib64/gcc/x86_64-suse-linux/13/crtbegin.o] ==> obj [/usr/lib64/gcc/x86_64-suse-linux/13/crtbegin.o]
    arg [-L/opt/cray/pe/mpich/8.1.30/ofi/gnu/12.3/lib] ==> dir [/opt/cray/pe/mpich/8.1.30/ofi/gnu/12.3/lib]
    arg [-L/opt/cray/pe/libsci/24.07.0/GNU/12.3/x86_64/lib] ==> dir [/opt/cray/pe/libsci/24.07.0/GNU/12.3/x86_64/lib]
    arg [-L/global/common/software/nersc9/darshan/3.4.6-gcc-13.2.1/lib] ==> dir [/global/common/software/nersc9/darshan/3.4.6-gcc-13.2.1/lib]
    arg [-L/opt/cray/pe/dsmml/0.3.0/dsmml//lib] ==> dir [/opt/cray/pe/dsmml/0.3.0/dsmml//lib]
    arg [-L/usr/lib64/gcc/x86_64-suse-linux/13] ==> dir [/usr/lib64/gcc/x86_64-suse-linux/13]
    arg [-L/usr/lib64/gcc/x86_64-suse-linux/13/../../../../lib64] ==> dir [/usr/lib64/gcc/x86_64-suse-linux/13/../../../../lib64]
    arg [-L/lib/../lib64] ==> dir [/lib/../lib64]
    arg [-L/usr/lib/../lib64] ==> dir [/usr/lib/../lib64]
    arg [-L/usr/lib64/gcc/x86_64-suse-linux/13/../../../../x86_64-suse-linux/lib] ==> dir [/usr/lib64/gcc/x86_64-suse-linux/13/../../../../x86_64-suse-linux/lib]
    arg [-L/usr/lib64/gcc/x86_64-suse-linux/13/../../..] ==> dir [/usr/lib64/gcc/x86_64-suse-linux/13/../../..]
    arg [CMakeFiles/cmTC_a4b6b.dir/CMakeCXXCompilerABI.cpp.o] ==> ignore
    arg [-Bdynamic] ==> ignore
    arg [-rpath=/global/common/software/nersc9/darshan/3.4.6-gcc-13.2.1/lib] ==> ignore
    arg [-no-as-needed] ==> ignore
    arg [-ldarshan] ==> lib [darshan]
    arg [-llustreapi] ==> lib [lustreapi]
    arg [-lz] ==> lib [z]
    arg [--as-needed] ==> ignore
    arg [-lsci_gnu_mpi] ==> lib [sci_gnu_mpi]
    arg [--no-as-needed] ==> ignore
    arg [--as-needed] ==> ignore
    arg [-lmpi_gnu_123] ==> lib [mpi_gnu_123]
    arg [--no-as-needed] ==> ignore
    arg [--as-needed] ==> ignore
    arg [-lsci_gnu] ==> lib [sci_gnu]
    arg [--no-as-needed] ==> ignore
    arg [-ldl] ==> lib [dl]
    arg [--as-needed] ==> ignore
    arg [-ldsmml] ==> lib [dsmml]
    arg [--no-as-needed] ==> ignore
    arg [-lxpmem] ==> lib [xpmem]
    arg [--as-needed] ==> ignore
    arg [-lgfortran] ==> lib [gfortran]
    arg [-lquadmath] ==> lib [quadmath]
    arg [--no-as-needed] ==> ignore
    arg [--as-needed] ==> ignore
    arg [-lmvec] ==> lib [mvec]
    arg [--no-as-needed] ==> ignore
    arg [--as-needed] ==> ignore
    arg [-lm] ==> lib [m]
    arg [--no-as-needed] ==> ignore
    arg [--as-needed] ==> ignore
    arg [-lpthread] ==> lib [pthread]
    arg [--no-as-needed] ==> ignore
    arg [--disable-new-dtags] ==> ignore
    arg [-lstdc++] ==> lib [stdc++]
    arg [-lm] ==> lib [m]
    arg [-lgcc_s] ==> lib [gcc_s]
    arg [-lgcc] ==> lib [gcc]
    arg [-lc] ==> lib [c]
    arg [-lgcc_s] ==> lib [gcc_s]
    arg [-lgcc] ==> lib [gcc]
    arg [/usr/lib64/gcc/x86_64-suse-linux/13/crtend.o] ==> obj [/usr/lib64/gcc/x86_64-suse-linux/13/crtend.o]
    arg [/usr/lib64/gcc/x86_64-suse-linux/13/../../../../lib64/crtn.o] ==> obj [/usr/lib64/gcc/x86_64-suse-linux/13/../../../../lib64/crtn.o]
  collapse obj [/usr/lib64/gcc/x86_64-suse-linux/13/../../../../lib64/crt1.o] ==> [/usr/lib64/crt1.o]
  collapse obj [/usr/lib64/gcc/x86_64-suse-linux/13/../../../../lib64/crti.o] ==> [/usr/lib64/crti.o]
  collapse obj [/usr/lib64/gcc/x86_64-suse-linux/13/../../../../lib64/crtn.o] ==> [/usr/lib64/crtn.o]
  collapse library dir [/opt/cray/pe/mpich/8.1.30/ofi/gnu/12.3/lib] ==> [/opt/cray/pe/mpich/8.1.30/ofi/gnu/12.3/lib]
  collapse library dir [/opt/cray/pe/libsci/24.07.0/GNU/12.3/x86_64/lib] ==> [/opt/cray/pe/libsci/24.07.0/GNU/12.3/x86_64/lib]
  collapse library dir [/global/common/software/nersc9/darshan/3.4.6-gcc-13.2.1/lib] ==> [/global/common/software/nersc9/darshan/3.4.6-gcc-13.2.1/lib]
  collapse library dir [/opt/cray/pe/dsmml/0.3.0/dsmml//lib] ==> [/opt/cray/pe/dsmml/0.3.0/dsmml/lib]
  collapse library dir [/usr/lib64/gcc/x86_64-suse-linux/13] ==> [/usr/lib64/gcc/x86_64-suse-linux/13]
  collapse library dir [/usr/lib64/gcc/x86_64-suse-linux/13/../../../../lib64] ==> [/usr/lib64]
  collapse library dir [/lib/../lib64] ==> [/lib64]
  collapse library dir [/usr/lib/../lib64] ==> [/usr/lib64]
  collapse library dir [/usr/lib64/gcc/x86_64-suse-linux/13/../../../../x86_64-suse-linux/lib] ==> [/usr/x86_64-suse-linux/lib]
  collapse library dir [/usr/lib64/gcc/x86_64-suse-linux/13/../../..] ==> [/usr/lib64]
  implicit libs: [darshan;lustreapi;z;sci_gnu_mpi;mpi_gnu_123;sci_gnu;dl;dsmml;xpmem;gfortran;quadmath;mvec;m;pthread;stdc++;m;gcc_s;gcc;c;gcc_s;gcc]
  implicit objs: [/usr/lib64/crt1.o;/usr/lib64/crti.o;/usr/lib64/gcc/x86_64-suse-linux/13/crtbegin.o;/usr/lib64/gcc/x86_64-suse-linux/13/crtend.o;/usr/lib64/crtn.o]
  implicit dirs: [/opt/cray/pe/mpich/8.1.30/ofi/gnu/12.3/lib;/opt/cray/pe/libsci/24.07.0/GNU/12.3/x86_64/lib;/global/common/software/nersc9/darshan/3.4.6-gcc-13.2.1/lib;/opt/cray/pe/dsmml/0.3.0/dsmml/lib;/usr/lib64/gcc/x86_64-suse-linux/13;/usr/lib64;/lib64;/usr/x86_64-suse-linux/lib]
  implicit fwks: []


Determining if the function sgemm_ exists passed with the following output:
Change Dir: /global/homes/d/domstead/vmmul-omp-harness-instructional/build/CMakeFiles/CMakeTmp

Run Build Command(s):/usr/bin/gmake -f Makefile cmTC_83a70/fast && /usr/bin/gmake  -f CMakeFiles/cmTC_83a70.dir/build.make CMakeFiles/cmTC_83a70.dir/build
gmake[1]: Entering directory '/global/u2/d/domstead/vmmul-omp-harness-instructional/build/CMakeFiles/CMakeTmp'
Building C object CMakeFiles/cmTC_83a70.dir/CheckFunctionExists.c.o
/opt/cray/pe/craype/2.7.32/bin/cc   -DCHECK_FUNCTION_EXISTS=sgemm_ -o CMakeFiles/cmTC_83a70.dir/CheckFunctionExists.c.o -c /usr/share/cmake/Modules/CheckFunctionExists.c
Linking C executable cmTC_83a70
/usr/bin/cmake -E cmake_link_script CMakeFiles/cmTC_83a70.dir/link.txt --verbose=1
/opt/cray/pe/craype/2.7.32/bin/cc  -DCHECK_FUNCTION_EXISTS=sgemm_ CMakeFiles/cmTC_83a70.dir/CheckFunctionExists.c.o -o cmTC_83a70 
gmake[1]: Leaving directory '/global/u2/d/domstead/vmmul-omp-harness-instructional/build/CMakeFiles/CMakeTmp'



